<?xml version="1.0" encoding="UTF-8"?>
<testng-results ignored="0" total="2" passed="2" failed="0" skipped="0">
  <reporter-output>
  </reporter-output>
  <suite started-at="2023-03-22T23:21:57 CDT" name="Suite" finished-at="2023-03-22T23:22:37 CDT" duration-ms="39425">
    <groups>
    </groups>
    <test started-at="2023-03-22T23:21:57 CDT" name="Test" finished-at="2023-03-22T23:22:37 CDT" duration-ms="39425">
      <class name="jenkiens.NewTest">
        <test-method signature="f()[pri:0, instance:jenkiens.NewTest@4b0d79fc]" started-at="2023-03-22T23:22:26 CDT" name="f" finished-at="2023-03-22T23:22:37 CDT" duration-ms="10724" status="PASS">
          <reporter-output>
          </reporter-output>
        </test-method> <!-- f -->
      </class> <!-- jenkiens.NewTest -->
      <class name="jenkiens.testng2">
        <test-method signature="f()[pri:0, instance:jenkiens.testng2@12aba8be]" started-at="2023-03-22T23:21:57 CDT" name="f" finished-at="2023-03-22T23:22:26 CDT" duration-ms="28645" status="PASS">
          <reporter-output>
          </reporter-output>
        </test-method> <!-- f -->
      </class> <!-- jenkiens.testng2 -->
    </test> <!-- Test -->
  </suite> <!-- Suite -->
</testng-results>
